d:\backup\visual studio 2013\projects\data_loggerreplayview\app_player\debug\vc120.pdb
d:\backup\visual studio 2013\projects\data_loggerreplayview\app_player\debug\mainwindow.obj
d:\backup\visual studio 2013\projects\data_loggerreplayview\app_player\debug\main.obj
d:\backup\visual studio 2013\projects\data_loggerreplayview\app_player\debug\moc_mainwindow.obj
d:\backup\visual studio 2013\projects\data_loggerreplayview\app_player\debug\moc_cplayerthread.obj
d:\backup\visual studio 2013\projects\data_loggerreplayview\app_player\debug\cplayerthread.obj
d:\backup\visual studio 2013\projects\data_loggerreplayview\app_player\debug\qrc_mainwindow.obj
d:\backup\visual studio 2013\projects\data_loggerreplayview\app_player\generatedfiles\ui_mainwindow.h
d:\backup\visual studio 2013\projects\data_loggerreplayview\app_player\generatedfiles\debug\moc_cplayerthread.cpp
d:\backup\visual studio 2013\projects\data_loggerreplayview\app_player\generatedfiles\qrc_mainwindow.cpp
d:\backup\visual studio 2013\projects\data_loggerreplayview\app_player\generatedfiles\debug\moc_mainwindow.cpp
d:\backup\visual studio 2013\projects\data_loggerreplayview\win32\debug\app_player.ilk
d:\backup\visual studio 2013\projects\data_loggerreplayview\win32\debug\app_player.exe
d:\backup\visual studio 2013\projects\data_loggerreplayview\win32\debug\app_player.pdb
d:\backup\visual studio 2013\projects\data_loggerreplayview\app_player\debug\app_player.tlog\cl.command.1.tlog
d:\backup\visual studio 2013\projects\data_loggerreplayview\app_player\debug\app_player.tlog\cl.read.1.tlog
d:\backup\visual studio 2013\projects\data_loggerreplayview\app_player\debug\app_player.tlog\cl.write.1.tlog
d:\backup\visual studio 2013\projects\data_loggerreplayview\app_player\debug\app_player.tlog\custombuild.command.1.tlog
d:\backup\visual studio 2013\projects\data_loggerreplayview\app_player\debug\app_player.tlog\custombuild.read.1.tlog
d:\backup\visual studio 2013\projects\data_loggerreplayview\app_player\debug\app_player.tlog\custombuild.write.1.tlog
d:\backup\visual studio 2013\projects\data_loggerreplayview\app_player\debug\app_player.tlog\link.command.1.tlog
d:\backup\visual studio 2013\projects\data_loggerreplayview\app_player\debug\app_player.tlog\link.read.1.tlog
d:\backup\visual studio 2013\projects\data_loggerreplayview\app_player\debug\app_player.tlog\link.write.1.tlog
