d:\backup\visual studio 2013\projects\data_loggerreplayview\app_viewer\release\transformlistener.obj
d:\backup\visual studio 2013\projects\data_loggerreplayview\app_viewer\release\mainwindow.obj
d:\backup\visual studio 2013\projects\data_loggerreplayview\app_viewer\release\main.obj
d:\backup\visual studio 2013\projects\data_loggerreplayview\app_viewer\release\lcmsubscriber.obj
d:\backup\visual studio 2013\projects\data_loggerreplayview\app_viewer\release\lcmhandler.obj
d:\backup\visual studio 2013\projects\data_loggerreplayview\app_viewer\release\insdrawer.obj
d:\backup\visual studio 2013\projects\data_loggerreplayview\app_viewer\release\moc_mainwindow.obj
d:\backup\visual studio 2013\projects\data_loggerreplayview\app_viewer\release\drawvehinfo.obj
d:\backup\visual studio 2013\projects\data_loggerreplayview\app_viewer\release\drawprescanlines.obj
d:\backup\visual studio 2013\projects\data_loggerreplayview\app_viewer\release\drawmwr.obj
d:\backup\visual studio 2013\projects\data_loggerreplayview\app_viewer\release\drawelement.obj
d:\backup\visual studio 2013\projects\data_loggerreplayview\app_viewer\release\drawcoordinates.obj
d:\backup\visual studio 2013\projects\data_loggerreplayview\app_viewer\release\drawcamera.obj
d:\backup\visual studio 2013\projects\data_loggerreplayview\app_viewer\release\cqglviewer.obj
d:\backup\visual studio 2013\projects\data_loggerreplayview\app_viewer\release\qrc_mainwindow.obj
d:\backup\visual studio 2013\projects\data_loggerreplayview\app_viewer\generatedfiles\ui_mainwindow.h
d:\backup\visual studio 2013\projects\data_loggerreplayview\app_viewer\generatedfiles\qrc_mainwindow.cpp
d:\backup\visual studio 2013\projects\data_loggerreplayview\app_viewer\generatedfiles\release\moc_mainwindow.cpp
d:\backup\visual studio 2013\projects\data_loggerreplayview\win32\release\app_viewer.exe
d:\backup\visual studio 2013\projects\data_loggerreplayview\app_viewer\release\app_viewer.tlog\cl.command.1.tlog
d:\backup\visual studio 2013\projects\data_loggerreplayview\app_viewer\release\app_viewer.tlog\cl.read.1.tlog
d:\backup\visual studio 2013\projects\data_loggerreplayview\app_viewer\release\app_viewer.tlog\cl.write.1.tlog
d:\backup\visual studio 2013\projects\data_loggerreplayview\app_viewer\release\app_viewer.tlog\custombuild.command.1.tlog
d:\backup\visual studio 2013\projects\data_loggerreplayview\app_viewer\release\app_viewer.tlog\custombuild.read.1.tlog
d:\backup\visual studio 2013\projects\data_loggerreplayview\app_viewer\release\app_viewer.tlog\custombuild.write.1.tlog
d:\backup\visual studio 2013\projects\data_loggerreplayview\app_viewer\release\app_viewer.tlog\link.command.1.tlog
d:\backup\visual studio 2013\projects\data_loggerreplayview\app_viewer\release\app_viewer.tlog\link.read.1.tlog
d:\backup\visual studio 2013\projects\data_loggerreplayview\app_viewer\release\app_viewer.tlog\link.write.1.tlog
