Build started 2017/12/21 10:19:58.
     1>Project "D:\BackUp\Visual Studio 2013\Projects\Data_LoggerReplayView\app_viewer\app_viewer.vcxproj" on node 2 (Build target(s)).
     1>ClCompile:
         C:\Program Files (x86)\Microsoft Visual Studio 12.0\VC\bin\CL.exe /c /I"D:\cmake\libQGLViewer-2.6.3\QGLViewer" /I"D:\wsy\OpenCV-2.1.0\build\include" /I..\header_msg /I"C:\msys32\mingw32\include\glib-2.0" /I"C:\msys32\mingw32\lib\glib-2.0\include" /I"C:\Program Files (x86)\lcm\include" /ID:\cmake\boost_1_60_0 /I.\GeneratedFiles /I. /ID:\Qt\Qt5.5.1\5.5\msvc2013\include /I.\GeneratedFiles\Release /ID:\Qt\Qt5.5.1\5.5\msvc2013\include\QtCore /ID:\Qt\Qt5.5.1\5.5\msvc2013\include\QtGui /ID:\Qt\Qt5.5.1\5.5\msvc2013\include\QtOpenGL /ID:\Qt\Qt5.5.1\5.5\msvc2013\include\QtWidgets /ID:\Qt\Qt5.5.1\5.5\msvc2013\include\QtXml /nologo /W1 /WX- /O2 /Oy- /D UNICODE /D WIN32 /D WIN64 /D QT_DLL /D QT_NO_DEBUG /D NDEBUG /D QT_CORE_LIB /D QT_GUI_LIB /D QT_OPENGL_LIB /D QT_WIDGETS_LIB /D QT_XML_LIB /Gm- /EHsc /MD /GS /fp:precise /Zc:wchar_t /Zc:forScope /Fo"Release\\" /Fd"Release\vc120.pdb" /Gd /TP /analyze- /errorReport:prompt DrawCamera.cpp DrawPrescanLines.cpp GeneratedFiles\Release\moc_mainwindow.cpp LCMHandler.cpp LCMSubscriber.cpp cqglviewer.cpp main.cpp mainwindow.cpp
         DrawCamera.cpp
     1>d:\backup\visual studio 2013\projects\data_loggerreplayview\app_viewer\libjpeg\jmorecfg.h(215): warning C4005: 'FAR' : macro redefinition
                 C:\Program Files (x86)\Windows Kits\8.1\Include\shared\minwindef.h(150) : see previous definition of 'FAR'
     1>d:\wsy\opencv-2.1.0\build\include\opencv\cvcompat.h(803): warning C4819: The file contains a character that cannot be represented in the current code page (936). Save the file in Unicode format to prevent data loss
     1>..\header_msg\MAP.h : warning C4819: The file contains a character that cannot be represented in the current code page (936). Save the file in Unicode format to prevent data loss
         DrawPrescanLines.cpp
     1>d:\wsy\opencv-2.1.0\build\include\opencv\cvcompat.h(803): warning C4819: The file contains a character that cannot be represented in the current code page (936). Save the file in Unicode format to prevent data loss
         moc_mainwindow.cpp
     1>d:\wsy\opencv-2.1.0\build\include\opencv\cvcompat.h(803): warning C4819: The file contains a character that cannot be represented in the current code page (936). Save the file in Unicode format to prevent data loss
     1>d:\backup\visual studio 2013\projects\data_loggerreplayview\app_viewer\libjpeg\jmorecfg.h(215): warning C4005: 'FAR' : macro redefinition
                 C:\Program Files (x86)\Windows Kits\8.1\Include\shared\minwindef.h(150) : see previous definition of 'FAR'
     1>..\header_msg\MAP.h : warning C4819: The file contains a character that cannot be represented in the current code page (936). Save the file in Unicode format to prevent data loss
         LCMHandler.cpp
     1>d:\wsy\opencv-2.1.0\build\include\opencv\cvcompat.h(803): warning C4819: The file contains a character that cannot be represented in the current code page (936). Save the file in Unicode format to prevent data loss
     1>d:\backup\visual studio 2013\projects\data_loggerreplayview\app_viewer\libjpeg\jmorecfg.h(215): warning C4005: 'FAR' : macro redefinition
                 C:\Program Files (x86)\Windows Kits\8.1\Include\shared\minwindef.h(150) : see previous definition of 'FAR'
     1>..\header_msg\MAP.h : warning C4819: The file contains a character that cannot be represented in the current code page (936). Save the file in Unicode format to prevent data loss
         LCMSubscriber.cpp
     1>d:\wsy\opencv-2.1.0\build\include\opencv\cvcompat.h(803): warning C4819: The file contains a character that cannot be represented in the current code page (936). Save the file in Unicode format to prevent data loss
     1>d:\backup\visual studio 2013\projects\data_loggerreplayview\app_viewer\libjpeg\jmorecfg.h(215): warning C4005: 'FAR' : macro redefinition
                 C:\Program Files (x86)\Windows Kits\8.1\Include\shared\minwindef.h(150) : see previous definition of 'FAR'
     1>..\header_msg\MAP.h : warning C4819: The file contains a character that cannot be represented in the current code page (936). Save the file in Unicode format to prevent data loss
         cqglviewer.cpp
     1>d:\wsy\opencv-2.1.0\build\include\opencv\cvcompat.h(803): warning C4819: The file contains a character that cannot be represented in the current code page (936). Save the file in Unicode format to prevent data loss
     1>d:\backup\visual studio 2013\projects\data_loggerreplayview\app_viewer\libjpeg\jmorecfg.h(215): warning C4005: 'FAR' : macro redefinition
                 C:\Program Files (x86)\Windows Kits\8.1\Include\shared\minwindef.h(150) : see previous definition of 'FAR'
     1>..\header_msg\MAP.h : warning C4819: The file contains a character that cannot be represented in the current code page (936). Save the file in Unicode format to prevent data loss
         main.cpp
     1>d:\wsy\opencv-2.1.0\build\include\opencv\cvcompat.h(803): warning C4819: The file contains a character that cannot be represented in the current code page (936). Save the file in Unicode format to prevent data loss
     1>d:\backup\visual studio 2013\projects\data_loggerreplayview\app_viewer\libjpeg\jmorecfg.h(215): warning C4005: 'FAR' : macro redefinition
                 C:\Program Files (x86)\Windows Kits\8.1\Include\shared\minwindef.h(150) : see previous definition of 'FAR'
     1>..\header_msg\MAP.h : warning C4819: The file contains a character that cannot be represented in the current code page (936). Save the file in Unicode format to prevent data loss
         mainwindow.cpp
     1>d:\wsy\opencv-2.1.0\build\include\opencv\cvcompat.h(803): warning C4819: The file contains a character that cannot be represented in the current code page (936). Save the file in Unicode format to prevent data loss
     1>d:\backup\visual studio 2013\projects\data_loggerreplayview\app_viewer\libjpeg\jmorecfg.h(215): warning C4005: 'FAR' : macro redefinition
                 C:\Program Files (x86)\Windows Kits\8.1\Include\shared\minwindef.h(150) : see previous definition of 'FAR'
     1>..\header_msg\MAP.h : warning C4819: The file contains a character that cannot be represented in the current code page (936). Save the file in Unicode format to prevent data loss
         Generating Code...
       Link:
         C:\Program Files (x86)\Microsoft Visual Studio 12.0\VC\bin\link.exe /ERRORREPORT:PROMPT /OUT:"D:\BackUp\Visual Studio 2013\Projects\Data_LoggerReplayView\Win32\Release\\app_viewer.exe" /NOLOGO /LIBPATH:.\tinyxml /LIBPATH:.\CoordinateTrans /LIBPATH:"D:\wsy\OpenCV-2.1.0\build\lib" /LIBPATH:.\libjpeg /LIBPATH:"C:\Program Files (x86)\lcm\bin" /LIBPATH:"C:\Program Files (x86)\lcm\lib" /LIBPATH:D:\cmake\boost_1_60_0\stage\lib /LIBPATH:D:\Qt\Qt5.5.1\5.5\msvc2013\lib qtmain.lib Qt5Core.lib Qt5Gui.lib Qt5OpenGL.lib opengl32.lib glu32.lib Qt5Widgets.lib Qt5Xml.lib "C:\msys32\mingw32\lib\libglib-2.0.dll.a" lcm.lib cv210.lib cxcore210.lib highgui210.lib QGLViewer2.lib lib3ds.lib libjpeg.lib CoordinateTrans.lib tinyxml2.lib kernel32.lib user32.lib gdi32.lib winspool.lib comdlg32.lib advapi32.lib shell32.lib ole32.lib oleaut32.lib uuid.lib odbc32.lib odbccp32.lib /MANIFEST /MANIFESTUAC:"level='asInvoker' uiAccess='false'" /manifest:embed /PDB:"D:\BackUp\Visual Studio 2013\Projects\Data_LoggerReplayView\Win32\Release\app_viewer.pdb" /SUBSYSTEM:WINDOWS /TLBID:1 /DYNAMICBASE /NXCOMPAT /IMPLIB:"D:\BackUp\Visual Studio 2013\Projects\Data_LoggerReplayView\Win32\Release\app_viewer.lib" /MACHINE:X86 /SAFESEH Release\cqglviewer.obj
         Release\DrawCamera.obj
         Release\DrawCoordinates.obj
         Release\DrawElement.obj
         Release\DrawMWR.obj
         Release\DrawPrescanLines.obj
         Release\DrawVehInfo.obj
         Release\qrc_mainwindow.obj
         Release\moc_mainwindow.obj
         Release\INSDrawer.obj
         Release\LCMHandler.obj
         Release\LCMSubscriber.obj
         Release\main.obj
         Release\mainwindow.obj
         Release\MapGraph.obj
         Release\TransformListener.obj
     1>LINK : warning LNK4098: defaultlib 'LIBCMT' conflicts with use of other libs; use /NODEFAULTLIB:library
         app_viewer.vcxproj -> D:\BackUp\Visual Studio 2013\Projects\Data_LoggerReplayView\Win32\Release\app_viewer.exe
     1>Done Building Project "D:\BackUp\Visual Studio 2013\Projects\Data_LoggerReplayView\app_viewer\app_viewer.vcxproj" (Build target(s)).

Build succeeded.

Time Elapsed 00:00:23.05
