d:\backup\visual studio 2013\projects\data_loggerreplayview\app_logger\debug\vc120.pdb
d:\backup\visual studio 2013\projects\data_loggerreplayview\app_logger\debug\qrc_mainwindow.obj
d:\backup\visual studio 2013\projects\data_loggerreplayview\app_logger\debug\mainwindow.obj
d:\backup\visual studio 2013\projects\data_loggerreplayview\app_logger\debug\main.obj
d:\backup\visual studio 2013\projects\data_loggerreplayview\app_logger\debug\messagethread.obj
d:\backup\visual studio 2013\projects\data_loggerreplayview\app_logger\debug\messagetable.obj
d:\backup\visual studio 2013\projects\data_loggerreplayview\app_logger\debug\messagerow.obj
d:\backup\visual studio 2013\projects\data_loggerreplayview\app_logger\debug\moc_mainwindow.obj
d:\backup\visual studio 2013\projects\data_loggerreplayview\app_logger\debug\moc_messagethread.obj
d:\backup\visual studio 2013\projects\data_loggerreplayview\app_logger\debug\moc_messagetable.obj
d:\backup\visual studio 2013\projects\data_loggerreplayview\app_logger\debug\moc_messagerow.obj
d:\backup\visual studio 2013\projects\data_loggerreplayview\app_logger\generatedfiles\debug\moc_mainwindow.cpp
d:\backup\visual studio 2013\projects\data_loggerreplayview\app_logger\generatedfiles\ui_mainwindow.h
d:\backup\visual studio 2013\projects\data_loggerreplayview\app_logger\generatedfiles\debug\moc_messagethread.cpp
d:\backup\visual studio 2013\projects\data_loggerreplayview\app_logger\generatedfiles\debug\moc_messagetable.cpp
d:\backup\visual studio 2013\projects\data_loggerreplayview\app_logger\generatedfiles\debug\moc_messagerow.cpp
d:\backup\visual studio 2013\projects\data_loggerreplayview\app_logger\generatedfiles\qrc_mainwindow.cpp
d:\backup\visual studio 2013\projects\data_loggerreplayview\win32\debug\app_logger.ilk
d:\backup\visual studio 2013\projects\data_loggerreplayview\win32\debug\app_logger.exe
d:\backup\visual studio 2013\projects\data_loggerreplayview\win32\debug\app_logger.pdb
d:\backup\visual studio 2013\projects\data_loggerreplayview\app_logger\debug\app_logger.tlog\cl.command.1.tlog
d:\backup\visual studio 2013\projects\data_loggerreplayview\app_logger\debug\app_logger.tlog\cl.read.1.tlog
d:\backup\visual studio 2013\projects\data_loggerreplayview\app_logger\debug\app_logger.tlog\cl.write.1.tlog
d:\backup\visual studio 2013\projects\data_loggerreplayview\app_logger\debug\app_logger.tlog\custombuild.command.1.tlog
d:\backup\visual studio 2013\projects\data_loggerreplayview\app_logger\debug\app_logger.tlog\custombuild.read.1.tlog
d:\backup\visual studio 2013\projects\data_loggerreplayview\app_logger\debug\app_logger.tlog\custombuild.write.1.tlog
d:\backup\visual studio 2013\projects\data_loggerreplayview\app_logger\debug\app_logger.tlog\link.command.1.tlog
d:\backup\visual studio 2013\projects\data_loggerreplayview\app_logger\debug\app_logger.tlog\link.read.1.tlog
d:\backup\visual studio 2013\projects\data_loggerreplayview\app_logger\debug\app_logger.tlog\link.write.1.tlog
