Build started 2017/12/5 17:10:43.
     1>Project "D:\BackUp\Visual Studio 2013\Projects\Data_LoggerReplayView\app_logger\app_logger.vcxproj" on node 2 (Build target(s)).
     1>ClCompile:
         C:\Program Files (x86)\Microsoft Visual Studio 12.0\VC\bin\CL.exe /c /I"C:\Program Files (x86)\lcm\include" /I"C:\msys32\mingw32\lib\glib-2.0\include" /I"C:\msys32\mingw32\include\glib-2.0" /ID:\cmake\boost_1_60_0 /I..\header_msg /I.\GeneratedFiles /I. /ID:\Qt\Qt5.5.1\5.5\msvc2013\include /I.\GeneratedFiles\Debug /ID:\Qt\Qt5.5.1\5.5\msvc2013\include\QtCore /ID:\Qt\Qt5.5.1\5.5\msvc2013\include\QtGui /ID:\Qt\Qt5.5.1\5.5\msvc2013\include\QtWidgets /Zi /nologo /W1 /WX- /Od /Oy- /D UNICODE /D WIN32 /D WIN64 /D QT_DLL /D QT_CORE_LIB /D QT_GUI_LIB /D QT_WIDGETS_LIB /Gm- /EHsc /MDd /GS /fp:precise /Zc:wchar_t /Zc:forScope /Fo"Debug\\" /Fd"Debug\vc120.pdb" /Gd /TP /analyze- /errorReport:prompt GeneratedFiles\Debug\moc_MessageRow.cpp GeneratedFiles\Debug\moc_MessageTable.cpp GeneratedFiles\Debug\moc_MessageThread.cpp GeneratedFiles\Debug\moc_mainwindow.cpp MessageRow.cpp MessageTable.cpp MessageThread.cpp main.cpp mainwindow.cpp
         moc_MessageRow.cpp
         moc_MessageTable.cpp
         moc_MessageThread.cpp
         moc_mainwindow.cpp
         MessageRow.cpp
         MessageTable.cpp
         MessageThread.cpp
         main.cpp
         mainwindow.cpp
         Generating Code...
       Link:
         C:\Program Files (x86)\Microsoft Visual Studio 12.0\VC\bin\link.exe /ERRORREPORT:PROMPT /OUT:"D:\BackUp\Visual Studio 2013\Projects\Data_LoggerReplayView\Win32\Debug\\app_logger.exe" /NOLOGO /LIBPATH:C:\msys32\mingw32\lib /LIBPATH:"C:\Program Files (x86)\lcm\lib" /LIBPATH:"C:\Program Files (x86)\lcm\bin" /LIBPATH:D:\cmake\boost_1_60_0\stage\lib /LIBPATH:D:\Qt\Qt5.5.1\5.5\msvc2013\lib qtmaind.lib Qt5Cored.lib Qt5Guid.lib Qt5Widgetsd.lib "C:\msys32\mingw32\lib\libglib-2.0.dll.a" "C:\msys32\mingw32\lib\libgthread-2.0.dll.a" lcm.lib kernel32.lib user32.lib gdi32.lib winspool.lib comdlg32.lib advapi32.lib shell32.lib ole32.lib oleaut32.lib uuid.lib odbc32.lib odbccp32.lib /MANIFEST /MANIFESTUAC:"level='asInvoker' uiAccess='false'" /manifest:embed /DEBUG /PDB:"D:\BackUp\Visual Studio 2013\Projects\Data_LoggerReplayView\Win32\Debug\app_logger.pdb" /SUBSYSTEM:WINDOWS /TLBID:1 /DYNAMICBASE /NXCOMPAT /IMPLIB:"D:\BackUp\Visual Studio 2013\Projects\Data_LoggerReplayView\Win32\Debug\app_logger.lib" /MACHINE:X86 /SAFESEH Debug\moc_mainwindow.obj
         Debug\moc_MessageRow.obj
         Debug\moc_MessageTable.obj
         Debug\moc_MessageThread.obj
         Debug\qrc_mainwindow.obj
         Debug\main.obj
         Debug\mainwindow.obj
         Debug\MessageRow.obj
         Debug\MessageTable.obj
         Debug\MessageThread.obj
         app_logger.vcxproj -> D:\BackUp\Visual Studio 2013\Projects\Data_LoggerReplayView\Win32\Debug\app_logger.exe
     1>Done Building Project "D:\BackUp\Visual Studio 2013\Projects\Data_LoggerReplayView\app_logger\app_logger.vcxproj" (Build target(s)).

Build succeeded.

Time Elapsed 00:00:27.20
