d:\backup\visual studio 2013\projects\data_loggerreplayview\app_player\release\qrc_mainwindow.obj
d:\backup\visual studio 2013\projects\data_loggerreplayview\app_player\release\mainwindow.obj
d:\backup\visual studio 2013\projects\data_loggerreplayview\app_player\release\main.obj
d:\backup\visual studio 2013\projects\data_loggerreplayview\app_player\release\localizationcalculate.obj
d:\backup\visual studio 2013\projects\data_loggerreplayview\app_player\release\moc_mainwindow.obj
d:\backup\visual studio 2013\projects\data_loggerreplayview\app_player\release\cplayerthread.obj
d:\backup\visual studio 2013\projects\data_loggerreplayview\app_player\release\moc_cplayerthread.obj
d:\backup\visual studio 2013\projects\data_loggerreplayview\app_player\generatedfiles\ui_mainwindow.h
d:\backup\visual studio 2013\projects\data_loggerreplayview\app_player\generatedfiles\release\moc_cplayerthread.cpp
d:\backup\visual studio 2013\projects\data_loggerreplayview\app_player\generatedfiles\qrc_mainwindow.cpp
d:\backup\visual studio 2013\projects\data_loggerreplayview\app_player\generatedfiles\release\moc_mainwindow.cpp
d:\backup\visual studio 2013\projects\data_loggerreplayview\win32\release\app_player.exe
d:\backup\visual studio 2013\projects\data_loggerreplayview\app_player\release\app_player.tlog\cl.command.1.tlog
d:\backup\visual studio 2013\projects\data_loggerreplayview\app_player\release\app_player.tlog\cl.read.1.tlog
d:\backup\visual studio 2013\projects\data_loggerreplayview\app_player\release\app_player.tlog\cl.write.1.tlog
d:\backup\visual studio 2013\projects\data_loggerreplayview\app_player\release\app_player.tlog\custombuild.command.1.tlog
d:\backup\visual studio 2013\projects\data_loggerreplayview\app_player\release\app_player.tlog\custombuild.read.1.tlog
d:\backup\visual studio 2013\projects\data_loggerreplayview\app_player\release\app_player.tlog\custombuild.write.1.tlog
d:\backup\visual studio 2013\projects\data_loggerreplayview\app_player\release\app_player.tlog\link.command.1.tlog
d:\backup\visual studio 2013\projects\data_loggerreplayview\app_player\release\app_player.tlog\link.read.1.tlog
d:\backup\visual studio 2013\projects\data_loggerreplayview\app_player\release\app_player.tlog\link.write.1.tlog
