d:\backup\visual studio 2013\projects\data_loggerreplayview\app_viewer\debug\vc120.pdb
d:\backup\visual studio 2013\projects\data_loggerreplayview\app_viewer\debug\mainwindow.obj
d:\backup\visual studio 2013\projects\data_loggerreplayview\app_viewer\debug\main.obj
d:\backup\visual studio 2013\projects\data_loggerreplayview\app_viewer\debug\cqglviewer.obj
d:\backup\visual studio 2013\projects\data_loggerreplayview\app_viewer\debug\transformlistener.obj
d:\backup\visual studio 2013\projects\data_loggerreplayview\app_viewer\debug\notation.obj
d:\backup\visual studio 2013\projects\data_loggerreplayview\app_viewer\debug\lcmsubscriber.obj
d:\backup\visual studio 2013\projects\data_loggerreplayview\app_viewer\debug\lcmhandler.obj
d:\backup\visual studio 2013\projects\data_loggerreplayview\app_viewer\debug\insdrawer.obj
d:\backup\visual studio 2013\projects\data_loggerreplayview\app_viewer\debug\moc_mainwindow.obj
d:\backup\visual studio 2013\projects\data_loggerreplayview\app_viewer\debug\drawvehinfo.obj
d:\backup\visual studio 2013\projects\data_loggerreplayview\app_viewer\debug\drawprescanlines.obj
d:\backup\visual studio 2013\projects\data_loggerreplayview\app_viewer\debug\drawmwr.obj
d:\backup\visual studio 2013\projects\data_loggerreplayview\app_viewer\debug\drawelement.obj
d:\backup\visual studio 2013\projects\data_loggerreplayview\app_viewer\debug\drawcoordinates.obj
d:\backup\visual studio 2013\projects\data_loggerreplayview\app_viewer\debug\drawcamera.obj
d:\backup\visual studio 2013\projects\data_loggerreplayview\app_viewer\debug\qrc_mainwindow.obj
d:\backup\visual studio 2013\projects\data_loggerreplayview\app_viewer\generatedfiles\ui_mainwindow.h
d:\backup\visual studio 2013\projects\data_loggerreplayview\app_viewer\generatedfiles\qrc_mainwindow.cpp
d:\backup\visual studio 2013\projects\data_loggerreplayview\app_viewer\generatedfiles\debug\moc_mainwindow.cpp
d:\backup\visual studio 2013\projects\data_loggerreplayview\win32\debug\app_viewer.ilk
d:\backup\visual studio 2013\projects\data_loggerreplayview\win32\debug\app_viewer.exe
d:\backup\visual studio 2013\projects\data_loggerreplayview\win32\debug\app_viewer.pdb
d:\backup\visual studio 2013\projects\data_loggerreplayview\app_viewer\debug\app_viewer.tlog\cl.command.1.tlog
d:\backup\visual studio 2013\projects\data_loggerreplayview\app_viewer\debug\app_viewer.tlog\cl.read.1.tlog
d:\backup\visual studio 2013\projects\data_loggerreplayview\app_viewer\debug\app_viewer.tlog\cl.write.1.tlog
d:\backup\visual studio 2013\projects\data_loggerreplayview\app_viewer\debug\app_viewer.tlog\custombuild.command.1.tlog
d:\backup\visual studio 2013\projects\data_loggerreplayview\app_viewer\debug\app_viewer.tlog\custombuild.read.1.tlog
d:\backup\visual studio 2013\projects\data_loggerreplayview\app_viewer\debug\app_viewer.tlog\custombuild.write.1.tlog
d:\backup\visual studio 2013\projects\data_loggerreplayview\app_viewer\debug\app_viewer.tlog\link.command.1.tlog
d:\backup\visual studio 2013\projects\data_loggerreplayview\app_viewer\debug\app_viewer.tlog\link.read.1.tlog
d:\backup\visual studio 2013\projects\data_loggerreplayview\app_viewer\debug\app_viewer.tlog\link.write.1.tlog
