Build started 2017/10/10 15:58:18.
     1>Project "D:\BackUp\Visual Studio 2013\Projects\Data_LoggerReplayView\app_transform\app_transform.vcxproj" on node 2 (Build target(s)).
     1>ClCompile:
         C:\Program Files (x86)\Microsoft Visual Studio 12.0\VC\bin\CL.exe /c /ID:\cmake\boost_1_60_0 /I"C:\Program Files (x86)\lcm\include" /I"C:\msys32\mingw32\lib\glib-2.0\include" /I"C:\msys32\mingw32\include\glib-2.0" /I..\header_msg /Zi /nologo /W3 /WX- /sdl /O2 /Oi /Oy- /GL /D WIN32 /D NDEBUG /D _CONSOLE /D _LIB /D _CRT_SECURE_NO_WARNINGS /D _UNICODE /D UNICODE /Gm- /EHsc /MD /GS /Gy /fp:precise /Zc:wchar_t /Zc:forScope /Fo"Release\\" /Fd"Release\vc120.pdb" /Gd /TP /analyze- /errorReport:prompt LCMHandler.cpp LCMSubscriber.cpp main.cpp Transformer.cpp
         LCMHandler.cpp
     1>D:\BackUp\Visual Studio 2013\Projects\Data_LoggerReplayView\header_msg\global.hpp(59): warning C4305: 'initializing' : truncation from 'double' to 'const float'
     1>LCMHandler.cpp(56): warning C4244: '=' : conversion from 'const double' to 'float', possible loss of data
     1>LCMHandler.cpp(58): warning C4244: 'initializing' : conversion from 'const double' to 'float', possible loss of data
     1>LCMHandler.cpp(62): warning C4244: '=' : conversion from 'const double' to 'float', possible loss of data
     1>LCMHandler.cpp(63): warning C4244: '=' : conversion from 'const double' to 'float', possible loss of data
         LCMSubscriber.cpp
     1>D:\BackUp\Visual Studio 2013\Projects\Data_LoggerReplayView\header_msg\global.hpp(59): warning C4305: 'initializing' : truncation from 'double' to 'const float'
         main.cpp
     1>D:\BackUp\Visual Studio 2013\Projects\Data_LoggerReplayView\header_msg\global.hpp(59): warning C4305: 'initializing' : truncation from 'double' to 'const float'
         Transformer.cpp
     1>D:\BackUp\Visual Studio 2013\Projects\Data_LoggerReplayView\header_msg\global.hpp(59): warning C4305: 'initializing' : truncation from 'double' to 'const float'
     1>Transformer.cpp(13): warning C4244: 'argument' : conversion from 'const double' to 'float', possible loss of data
     1>Transformer.cpp(62): warning C4244: 'initializing' : conversion from '__int64' to 'int', possible loss of data
     1>Transformer.cpp(115): warning C4244: 'initializing' : conversion from 'const double' to 'float', possible loss of data
     1>Transformer.cpp(148): warning C4244: '=' : conversion from 'int64_t' to 'long', possible loss of data
     1>Transformer.cpp(157): warning C4244: '=' : conversion from 'const double' to 'float', possible loss of data
     1>Transformer.cpp(158): warning C4244: '=' : conversion from 'int64_t' to 'long', possible loss of data
     1>Transformer.cpp(164): warning C4244: '=' : conversion from 'double' to 'float', possible loss of data
     1>Transformer.cpp(165): warning C4244: '=' : conversion from 'double' to 'float', possible loss of data
     1>Transformer.cpp(289): warning C4244: '+=' : conversion from 'double' to 'float', possible loss of data
     1>Transformer.cpp(290): warning C4244: '+=' : conversion from 'double' to 'float', possible loss of data
     1>Transformer.cpp(291): warning C4244: '+=' : conversion from 'double' to 'float', possible loss of data
       Link:
         C:\Program Files (x86)\Microsoft Visual Studio 12.0\VC\bin\link.exe /ERRORREPORT:PROMPT /OUT:"D:\BackUp\Visual Studio 2013\Projects\Data_LoggerReplayView\Release\app_transform.exe" /INCREMENTAL:NO /NOLOGO /LIBPATH:"C:\Program Files (x86)\lcm\bin" /LIBPATH:"C:\Program Files (x86)\lcm\lib" /LIBPATH:D:\cmake\boost_1_60_0\stage\lib "C:\msys32\mingw32\lib\libglib-2.0.dll.a" lcm.lib kernel32.lib user32.lib gdi32.lib winspool.lib comdlg32.lib advapi32.lib shell32.lib ole32.lib oleaut32.lib uuid.lib odbc32.lib odbccp32.lib /MANIFEST /MANIFESTUAC:"level='asInvoker' uiAccess='false'" /manifest:embed /DEBUG /PDB:"D:\BackUp\Visual Studio 2013\Projects\Data_LoggerReplayView\Release\app_transform.pdb" /SUBSYSTEM:CONSOLE /OPT:REF /OPT:ICF /LTCG /TLBID:1 /DYNAMICBASE /NXCOMPAT /IMPLIB:"D:\BackUp\Visual Studio 2013\Projects\Data_LoggerReplayView\Release\app_transform.lib" /MACHINE:X86 /SAFESEH Release\LCMHandler.obj
         Release\LCMSubscriber.obj
         Release\main.obj
         Release\Transformer.obj
         Generating code
         Finished generating code
         app_transform.vcxproj -> D:\BackUp\Visual Studio 2013\Projects\Data_LoggerReplayView\Release\app_transform.exe
     1>Done Building Project "D:\BackUp\Visual Studio 2013\Projects\Data_LoggerReplayView\app_transform\app_transform.vcxproj" (Build target(s)).

Build succeeded.

Time Elapsed 00:00:09.10
